2017-05-01 02:11:26,447 - Initializing Velocity, Calling init()...
2017-05-01 02:11:26,447 - Starting Apache Velocity v1.7 (compiled: 2010-11-19 12:14:37)
2017-05-01 02:11:26,447 - Default Properties File: org\apache\velocity\runtime\defaults\velocity.properties
2017-05-01 02:11:26,447 - Trying to use logger class org.apache.velocity.runtime.log.AvalonLogChute
2017-05-01 02:11:26,447 - Target log system for org.apache.velocity.runtime.log.AvalonLogChute is not available (java.lang.NoClassDefFoundError: org/apache/log/format/Formatter).  Falling back to next log system...
2017-05-01 02:11:26,447 - Trying to use logger class org.apache.velocity.runtime.log.Log4JLogChute
2017-05-01 02:11:26,447 - Using logger class org.apache.velocity.runtime.log.Log4JLogChute
2017-05-01 02:11:26,450 - ResourceLoader instantiated: org.apache.velocity.runtime.resource.loader.ClasspathResourceLoader
2017-05-01 02:11:26,460 - ResourceCache: initialized (class org.apache.velocity.runtime.resource.ResourceCacheImpl) with class java.util.Collections$SynchronizedMap cache map.
2017-05-01 02:11:26,461 - Loaded System Directive: org.apache.velocity.runtime.directive.Stop
2017-05-01 02:11:26,462 - Loaded System Directive: org.apache.velocity.runtime.directive.Define
2017-05-01 02:11:26,463 - Loaded System Directive: org.apache.velocity.runtime.directive.Break
2017-05-01 02:11:26,463 - Loaded System Directive: org.apache.velocity.runtime.directive.Evaluate
2017-05-01 02:11:26,463 - Loaded System Directive: org.apache.velocity.runtime.directive.Literal
2017-05-01 02:11:26,464 - Loaded System Directive: org.apache.velocity.runtime.directive.Macro
2017-05-01 02:11:26,465 - Loaded System Directive: org.apache.velocity.runtime.directive.Parse
2017-05-01 02:11:26,466 - Loaded System Directive: org.apache.velocity.runtime.directive.Include
2017-05-01 02:11:26,466 - Loaded System Directive: org.apache.velocity.runtime.directive.Foreach
2017-05-01 02:11:26,489 - Created '20' parsers.
2017-05-01 02:11:26,492 - Velocimacro : "velocimacro.library" is not set.  Trying default library: VM_global_library.vm
2017-05-01 02:11:26,493 - Could not load resource 'VM_global_library.vm' from ResourceLoader org.apache.velocity.runtime.resource.loader.ClasspathResourceLoader: ClasspathResourceLoader Error: cannot find resource VM_global_library.vm
2017-05-01 02:11:26,493 - Velocimacro : Default library not found.
2017-05-01 02:11:26,493 - Velocimacro : allowInline = true : VMs can be defined inline in templates
2017-05-01 02:11:26,493 - Velocimacro : allowInlineToOverride = false : VMs defined inline may NOT replace previous VM definitions
2017-05-01 02:11:26,493 - Velocimacro : allowInlineLocal = false : VMs defined inline will be global in scope if allowed.
2017-05-01 02:11:26,493 - Velocimacro : autoload off : VM system will not automatically reload global library macros
2017-05-01 02:11:26,501 - ResourceManager : found showEmployee.vtl with loader org.apache.velocity.runtime.resource.loader.ClasspathResourceLoader
2017-05-01 02:11:26,503 - Null reference [template 'showEmployee.vtl', line 17, column 33] : ${employee.getEmployeeId()} cannot be resolved.
2017-05-01 02:11:26,503 - Null reference [template 'showEmployee.vtl', line 18, column 37] : ${employee.getName()} cannot be resolved.
2017-05-01 02:11:26,503 - Null reference [template 'showEmployee.vtl', line 19, column 40] : ${employee.getAddress()} cannot be resolved.
2017-05-01 02:11:29,911 - Log4JLogChute initialized using file 'velocity.log'
2017-05-01 02:11:29,911 - Initializing Velocity, Calling init()...
2017-05-01 02:11:29,911 - Starting Apache Velocity v1.7 (compiled: 2010-11-19 12:14:37)
2017-05-01 02:11:29,911 - Default Properties File: org\apache\velocity\runtime\defaults\velocity.properties
2017-05-01 02:11:29,911 - Trying to use logger class org.apache.velocity.runtime.log.AvalonLogChute
2017-05-01 02:11:29,911 - Target log system for org.apache.velocity.runtime.log.AvalonLogChute is not available (java.lang.NoClassDefFoundError: org/apache/log/format/Formatter).  Falling back to next log system...
2017-05-01 02:11:29,912 - Trying to use logger class org.apache.velocity.runtime.log.Log4JLogChute
2017-05-01 02:11:29,912 - Using logger class org.apache.velocity.runtime.log.Log4JLogChute
2017-05-01 02:11:29,912 - ResourceLoader instantiated: org.apache.velocity.runtime.resource.loader.ClasspathResourceLoader
2017-05-01 02:11:29,912 - ResourceCache: initialized (class org.apache.velocity.runtime.resource.ResourceCacheImpl) with class java.util.Collections$SynchronizedMap cache map.
2017-05-01 02:11:29,912 - Loaded System Directive: org.apache.velocity.runtime.directive.Stop
2017-05-01 02:11:29,912 - Loaded System Directive: org.apache.velocity.runtime.directive.Define
2017-05-01 02:11:29,913 - Loaded System Directive: org.apache.velocity.runtime.directive.Break
2017-05-01 02:11:29,913 - Loaded System Directive: org.apache.velocity.runtime.directive.Evaluate
2017-05-01 02:11:29,913 - Loaded System Directive: org.apache.velocity.runtime.directive.Literal
2017-05-01 02:11:29,913 - Loaded System Directive: org.apache.velocity.runtime.directive.Macro
2017-05-01 02:11:29,913 - Loaded System Directive: org.apache.velocity.runtime.directive.Parse
2017-05-01 02:11:29,913 - Loaded System Directive: org.apache.velocity.runtime.directive.Include
2017-05-01 02:11:29,913 - Loaded System Directive: org.apache.velocity.runtime.directive.Foreach
2017-05-01 02:11:29,914 - Created '20' parsers.
2017-05-01 02:11:29,914 - Velocimacro : "velocimacro.library" is not set.  Trying default library: VM_global_library.vm
2017-05-01 02:11:29,914 - Could not load resource 'VM_global_library.vm' from ResourceLoader org.apache.velocity.runtime.resource.loader.ClasspathResourceLoader: ClasspathResourceLoader Error: cannot find resource VM_global_library.vm
2017-05-01 02:11:29,914 - Velocimacro : Default library not found.
2017-05-01 02:11:29,914 - Velocimacro : allowInline = true : VMs can be defined inline in templates
2017-05-01 02:11:29,914 - Velocimacro : allowInlineToOverride = false : VMs defined inline may NOT replace previous VM definitions
2017-05-01 02:11:29,914 - Velocimacro : allowInlineLocal = false : VMs defined inline will be global in scope if allowed.
2017-05-01 02:11:29,915 - Velocimacro : autoload off : VM system will not automatically reload global library macros
2017-05-01 02:11:29,918 - ResourceManager : found allEmployees.vtl with loader org.apache.velocity.runtime.resource.loader.ClasspathResourceLoader
2017-05-01 02:11:31,593 - Log4JLogChute initialized using file 'velocity.log'
2017-05-01 02:11:31,594 - Initializing Velocity, Calling init()...
2017-05-01 02:11:31,594 - Starting Apache Velocity v1.7 (compiled: 2010-11-19 12:14:37)
2017-05-01 02:11:31,594 - Default Properties File: org\apache\velocity\runtime\defaults\velocity.properties
2017-05-01 02:11:31,594 - Trying to use logger class org.apache.velocity.runtime.log.AvalonLogChute
2017-05-01 02:11:31,594 - Target log system for org.apache.velocity.runtime.log.AvalonLogChute is not available (java.lang.NoClassDefFoundError: org/apache/log/format/Formatter).  Falling back to next log system...
2017-05-01 02:11:31,594 - Trying to use logger class org.apache.velocity.runtime.log.Log4JLogChute
2017-05-01 02:11:31,594 - Using logger class org.apache.velocity.runtime.log.Log4JLogChute
2017-05-01 02:11:31,594 - ResourceLoader instantiated: org.apache.velocity.runtime.resource.loader.ClasspathResourceLoader
2017-05-01 02:11:31,594 - ResourceCache: initialized (class org.apache.velocity.runtime.resource.ResourceCacheImpl) with class java.util.Collections$SynchronizedMap cache map.
2017-05-01 02:11:31,595 - Loaded System Directive: org.apache.velocity.runtime.directive.Stop
2017-05-01 02:11:31,595 - Loaded System Directive: org.apache.velocity.runtime.directive.Define
2017-05-01 02:11:31,595 - Loaded System Directive: org.apache.velocity.runtime.directive.Break
2017-05-01 02:11:31,595 - Loaded System Directive: org.apache.velocity.runtime.directive.Evaluate
2017-05-01 02:11:31,595 - Loaded System Directive: org.apache.velocity.runtime.directive.Literal
2017-05-01 02:11:31,595 - Loaded System Directive: org.apache.velocity.runtime.directive.Macro
2017-05-01 02:11:31,595 - Loaded System Directive: org.apache.velocity.runtime.directive.Parse
2017-05-01 02:11:31,596 - Loaded System Directive: org.apache.velocity.runtime.directive.Include
2017-05-01 02:11:31,596 - Loaded System Directive: org.apache.velocity.runtime.directive.Foreach
2017-05-01 02:11:31,596 - Created '20' parsers.
2017-05-01 02:11:31,597 - Velocimacro : "velocimacro.library" is not set.  Trying default library: VM_global_library.vm
2017-05-01 02:11:31,597 - Could not load resource 'VM_global_library.vm' from ResourceLoader org.apache.velocity.runtime.resource.loader.ClasspathResourceLoader: ClasspathResourceLoader Error: cannot find resource VM_global_library.vm
2017-05-01 02:11:31,597 - Velocimacro : Default library not found.
2017-05-01 02:11:31,597 - Velocimacro : allowInline = true : VMs can be defined inline in templates
2017-05-01 02:11:31,597 - Velocimacro : allowInlineToOverride = false : VMs defined inline may NOT replace previous VM definitions
2017-05-01 02:11:31,597 - Velocimacro : allowInlineLocal = false : VMs defined inline will be global in scope if allowed.
2017-05-01 02:11:31,597 - Velocimacro : autoload off : VM system will not automatically reload global library macros
2017-05-01 02:11:31,598 - ResourceManager : found newEmployee.vtl with loader org.apache.velocity.runtime.resource.loader.ClasspathResourceLoader
2017-05-01 02:11:37,048 - Log4JLogChute initialized using file 'velocity.log'
2017-05-01 02:11:37,049 - Initializing Velocity, Calling init()...
2017-05-01 02:11:37,049 - Starting Apache Velocity v1.7 (compiled: 2010-11-19 12:14:37)
2017-05-01 02:11:37,049 - Default Properties File: org\apache\velocity\runtime\defaults\velocity.properties
2017-05-01 02:11:37,049 - Trying to use logger class org.apache.velocity.runtime.log.AvalonLogChute
2017-05-01 02:11:37,049 - Target log system for org.apache.velocity.runtime.log.AvalonLogChute is not available (java.lang.NoClassDefFoundError: org/apache/log/format/Formatter).  Falling back to next log system...
2017-05-01 02:11:37,049 - Trying to use logger class org.apache.velocity.runtime.log.Log4JLogChute
2017-05-01 02:11:37,049 - Using logger class org.apache.velocity.runtime.log.Log4JLogChute
2017-05-01 02:11:37,049 - ResourceLoader instantiated: org.apache.velocity.runtime.resource.loader.ClasspathResourceLoader
2017-05-01 02:11:37,050 - ResourceCache: initialized (class org.apache.velocity.runtime.resource.ResourceCacheImpl) with class java.util.Collections$SynchronizedMap cache map.
2017-05-01 02:11:37,050 - Loaded System Directive: org.apache.velocity.runtime.directive.Stop
2017-05-01 02:11:37,050 - Loaded System Directive: org.apache.velocity.runtime.directive.Define
2017-05-01 02:11:37,050 - Loaded System Directive: org.apache.velocity.runtime.directive.Break
2017-05-01 02:11:37,050 - Loaded System Directive: org.apache.velocity.runtime.directive.Evaluate
2017-05-01 02:11:37,050 - Loaded System Directive: org.apache.velocity.runtime.directive.Literal
2017-05-01 02:11:37,050 - Loaded System Directive: org.apache.velocity.runtime.directive.Macro
2017-05-01 02:11:37,051 - Loaded System Directive: org.apache.velocity.runtime.directive.Parse
2017-05-01 02:11:37,051 - Loaded System Directive: org.apache.velocity.runtime.directive.Include
2017-05-01 02:11:37,051 - Loaded System Directive: org.apache.velocity.runtime.directive.Foreach
2017-05-01 02:11:37,052 - Created '20' parsers.
2017-05-01 02:11:37,052 - Velocimacro : "velocimacro.library" is not set.  Trying default library: VM_global_library.vm
2017-05-01 02:11:37,052 - Could not load resource 'VM_global_library.vm' from ResourceLoader org.apache.velocity.runtime.resource.loader.ClasspathResourceLoader: ClasspathResourceLoader Error: cannot find resource VM_global_library.vm
2017-05-01 02:11:37,052 - Velocimacro : Default library not found.
2017-05-01 02:11:37,052 - Velocimacro : allowInline = true : VMs can be defined inline in templates
2017-05-01 02:11:37,052 - Velocimacro : allowInlineToOverride = false : VMs defined inline may NOT replace previous VM definitions
2017-05-01 02:11:37,052 - Velocimacro : allowInlineLocal = false : VMs defined inline will be global in scope if allowed.
2017-05-01 02:11:37,052 - Velocimacro : autoload off : VM system will not automatically reload global library macros
2017-05-01 02:11:37,053 - ResourceManager : found newEmployee.vtl with loader org.apache.velocity.runtime.resource.loader.ClasspathResourceLoader
2017-05-01 02:11:40,283 - ResourceManager : found allEmployees.vtl with loader org.apache.velocity.runtime.resource.loader.ClasspathResourceLoader
2017-05-01 02:11:50,289 - ResourceManager : found showEmployee.vtl with loader org.apache.velocity.runtime.resource.loader.ClasspathResourceLoader
2017-05-01 02:13:18,693 - ResourceManager : found showEmployee.vtl with loader org.apache.velocity.runtime.resource.loader.ClasspathResourceLoader
2017-05-01 02:13:23,986 - ResourceManager : found showEmployee.vtl with loader org.apache.velocity.runtime.resource.loader.ClasspathResourceLoader
2017-05-01 02:13:42,891 - ResourceManager : found showEmployee.vtl with loader org.apache.velocity.runtime.resource.loader.ClasspathResourceLoader
2017-05-01 02:13:47,821 - ResourceManager : found showEmployee.vtl with loader org.apache.velocity.runtime.resource.loader.ClasspathResourceLoader
2017-05-01 02:15:40,120 - ResourceManager : found showEmployee.vtl with loader org.apache.velocity.runtime.resource.loader.ClasspathResourceLoader
2017-05-01 02:15:52,704 - ResourceManager : found showEmployee.vtl with loader org.apache.velocity.runtime.resource.loader.ClasspathResourceLoader
2017-05-01 02:16:08,583 - ResourceManager : found showEmployee.vtl with loader org.apache.velocity.runtime.resource.loader.ClasspathResourceLoader
2017-05-01 02:16:30,942 - ResourceManager : found showEmployee.vtl with loader org.apache.velocity.runtime.resource.loader.ClasspathResourceLoader
2017-05-01 02:16:36,633 - ResourceManager : found showEmployee.vtl with loader org.apache.velocity.runtime.resource.loader.ClasspathResourceLoader
2017-05-01 02:16:50,834 - ResourceManager : found allEmployees.vtl with loader org.apache.velocity.runtime.resource.loader.ClasspathResourceLoader
2017-05-01 02:16:52,977 - ResourceManager : found showEmployee.vtl with loader org.apache.velocity.runtime.resource.loader.ClasspathResourceLoader
2017-05-01 02:16:58,280 - ResourceManager : found allEmployees.vtl with loader org.apache.velocity.runtime.resource.loader.ClasspathResourceLoader
2017-05-01 02:17:22,196 - ResourceManager : found allEmployees.vtl with loader org.apache.velocity.runtime.resource.loader.ClasspathResourceLoader
2017-05-01 02:17:24,362 - ResourceManager : found showEmployee.vtl with loader org.apache.velocity.runtime.resource.loader.ClasspathResourceLoader
2017-05-01 02:18:06,628 - ResourceManager : found showEmployee.vtl with loader org.apache.velocity.runtime.resource.loader.ClasspathResourceLoader
2017-05-01 02:18:35,450 - ResourceManager : found showEmployee.vtl with loader org.apache.velocity.runtime.resource.loader.ClasspathResourceLoader
2017-05-01 02:18:40,419 - ResourceManager : found allEmployees.vtl with loader org.apache.velocity.runtime.resource.loader.ClasspathResourceLoader
2017-05-01 02:18:41,930 - ResourceManager : found newEmployee.vtl with loader org.apache.velocity.runtime.resource.loader.ClasspathResourceLoader
2017-05-01 02:19:20,552 - ResourceManager : found newEmployee.vtl with loader org.apache.velocity.runtime.resource.loader.ClasspathResourceLoader
2017-05-01 02:19:40,025 - ResourceManager : found newEmployee.vtl with loader org.apache.velocity.runtime.resource.loader.ClasspathResourceLoader
2017-05-01 02:20:00,240 - ResourceManager : found newEmployee.vtl with loader org.apache.velocity.runtime.resource.loader.ClasspathResourceLoader
2017-05-01 02:20:13,130 - ResourceManager : found newEmployee.vtl with loader org.apache.velocity.runtime.resource.loader.ClasspathResourceLoader
2017-05-01 02:20:32,231 - ResourceManager : found newEmployee.vtl with loader org.apache.velocity.runtime.resource.loader.ClasspathResourceLoader
2017-05-01 02:20:38,635 - ResourceManager : found allEmployees.vtl with loader org.apache.velocity.runtime.resource.loader.ClasspathResourceLoader
2017-05-01 02:20:40,475 - ResourceManager : found newEmployee.vtl with loader org.apache.velocity.runtime.resource.loader.ClasspathResourceLoader
2017-05-01 02:20:42,237 - ResourceManager : found allEmployees.vtl with loader org.apache.velocity.runtime.resource.loader.ClasspathResourceLoader
2017-05-01 02:20:45,647 - ResourceManager : found showEmployee.vtl with loader org.apache.velocity.runtime.resource.loader.ClasspathResourceLoader
2017-05-01 02:20:48,325 - ResourceManager : found allEmployees.vtl with loader org.apache.velocity.runtime.resource.loader.ClasspathResourceLoader
2017-05-01 02:20:49,842 - ResourceManager : found newEmployee.vtl with loader org.apache.velocity.runtime.resource.loader.ClasspathResourceLoader
2017-05-01 02:21:13,258 - ResourceManager : found newEmployee.vtl with loader org.apache.velocity.runtime.resource.loader.ClasspathResourceLoader
2017-05-01 02:21:30,469 - ResourceManager : found newEmployee.vtl with loader org.apache.velocity.runtime.resource.loader.ClasspathResourceLoader
2017-05-01 02:22:06,077 - ResourceManager : found newEmployee.vtl with loader org.apache.velocity.runtime.resource.loader.ClasspathResourceLoader
2017-05-01 02:22:33,765 - ResourceManager : found newEmployee.vtl with loader org.apache.velocity.runtime.resource.loader.ClasspathResourceLoader
2017-05-01 02:22:56,643 - ResourceManager : found newEmployee.vtl with loader org.apache.velocity.runtime.resource.loader.ClasspathResourceLoader
2017-05-01 02:23:29,668 - ResourceManager : found newEmployee.vtl with loader org.apache.velocity.runtime.resource.loader.ClasspathResourceLoader
2017-05-01 02:23:32,256 - ResourceManager : found allEmployees.vtl with loader org.apache.velocity.runtime.resource.loader.ClasspathResourceLoader
2017-05-01 02:23:33,432 - ResourceManager : found newEmployee.vtl with loader org.apache.velocity.runtime.resource.loader.ClasspathResourceLoader
2017-05-01 02:23:38,531 - ResourceManager : found allEmployees.vtl with loader org.apache.velocity.runtime.resource.loader.ClasspathResourceLoader
2017-05-01 02:23:40,256 - ResourceManager : found showEmployee.vtl with loader org.apache.velocity.runtime.resource.loader.ClasspathResourceLoader
2017-05-01 02:23:42,352 - ResourceManager : found allEmployees.vtl with loader org.apache.velocity.runtime.resource.loader.ClasspathResourceLoader
2017-05-01 02:23:54,759 - ResourceManager : found newEmployee.vtl with loader org.apache.velocity.runtime.resource.loader.ClasspathResourceLoader
2017-05-01 02:23:57,272 - ResourceManager : found newEmployee.vtl with loader org.apache.velocity.runtime.resource.loader.ClasspathResourceLoader
2017-05-01 02:24:02,770 - ResourceManager : found allEmployees.vtl with loader org.apache.velocity.runtime.resource.loader.ClasspathResourceLoader
2017-05-01 02:24:04,706 - ResourceManager : found newEmployee.vtl with loader org.apache.velocity.runtime.resource.loader.ClasspathResourceLoader
2017-05-01 02:24:05,813 - ResourceManager : found allEmployees.vtl with loader org.apache.velocity.runtime.resource.loader.ClasspathResourceLoader
2017-05-01 02:24:06,641 - ResourceManager : found showEmployee.vtl with loader org.apache.velocity.runtime.resource.loader.ClasspathResourceLoader
2017-05-01 02:24:34,182 - ResourceManager : found showEmployee.vtl with loader org.apache.velocity.runtime.resource.loader.ClasspathResourceLoader
2017-05-01 02:24:43,933 - ResourceManager : found showEmployee.vtl with loader org.apache.velocity.runtime.resource.loader.ClasspathResourceLoader
2017-05-01 02:25:02,364 - ResourceManager : found showEmployee.vtl with loader org.apache.velocity.runtime.resource.loader.ClasspathResourceLoader
2017-05-01 02:25:03,841 - ResourceManager : found allEmployees.vtl with loader org.apache.velocity.runtime.resource.loader.ClasspathResourceLoader
2017-05-01 02:25:05,499 - ResourceManager : found newEmployee.vtl with loader org.apache.velocity.runtime.resource.loader.ClasspathResourceLoader
2017-05-01 02:25:09,946 - ResourceManager : found allEmployees.vtl with loader org.apache.velocity.runtime.resource.loader.ClasspathResourceLoader
ocimacro : allowInline = true : VMs can be defined inline in templates
2017-05-01 02:11:37,052 - Velocimacro : allowInlineToOverride = false : VMs defined inline may NOT replace previous VM definitions
2017-05-01 02:11:37,052 - Velocimacro : allowInlineToOverride = false : VMs defined inline may NOT replace previous VM definitions
2017-05-01 02:11:37,052 - Velocimacro : allowInlineToOverride = false : VMs defined inline may NOT replace previous VM definitions
2017-05-01 02:11:37,052 - Velocimacro : allowInlineLocal = false : VMs defined inline will be global in scope if allowed.
2017-05-01 02:11:37,052 - Velocimacro : allowInlineLocal = false : VMs defined inline will be global in scope if allowed.
2017-05-01 02:11:37,052 - Velocimacro : allowInlineLocal = false : VMs defined inline will be global in scope if allowed.
2017-05-01 02:11:37,052 - Velocimacro : autoload off : VM system will not automatically reload global library macros
2017-05-01 02:11:37,052 - Velocimacro : autoload off : VM system will not automatically reload global library macros
2017-05-01 02:11:37,052 - Velocimacro : autoload off : VM system will not automatically reload global library macros
2017-05-01 02:11:37,053 - ResourceManager : found newEmployee.vtl with loader org.apache.velocity.runtime.resource.loader.ClasspathResourceLoader
2017-05-01 02:11:37,053 - ResourceManager : found newEmployee.vtl with loader org.apache.velocity.runtime.resource.loader.ClasspathResourceLoader
2017-05-01 02:11:37,053 - ResourceManager : found newEmployee.vtl with loader org.apache.velocity.runtime.resource.loader.ClasspathResourceLoader
2017-05-01 02:11:40,283 - ResourceManager : found allEmployees.vtl with loader org.apache.velocity.runtime.resource.loader.ClasspathResourceLoader
2017-05-01 02:11:40,283 - ResourceManager : found allEmployees.vtl with loader org.apache.velocity.runtime.resource.loader.ClasspathResourceLoader
2017-05-01 02:11:40,283 - ResourceManager : found allEmployees.vtl with loader org.apache.velocity.runtime.resource.loader.ClasspathResourceLoader
2017-05-01 02:11:50,289 - ResourceManager : found showEmployee.vtl with loader org.apache.velocity.runtime.resource.loader.ClasspathResourceLoader
2017-05-01 02:11:50,289 - ResourceManager : found showEmployee.vtl with loader org.apache.velocity.runtime.resource.loader.ClasspathResourceLoader
2017-05-01 02:11:50,289 - ResourceManager : found showEmployee.vtl with loader org.apache.velocity.runtime.resource.loader.ClasspathResourceLoader
2017-05-01 02:13:18,693 - ResourceManager : found showEmployee.vtl with loader org.apache.velocity.runtime.resource.loader.ClasspathResourceLoader
2017-05-01 02:13:18,693 - ResourceManager : found showEmployee.vtl with loader org.apache.velocity.runtime.resource.loader.ClasspathResourceLoader
2017-05-01 02:13:18,693 - ResourceManager : found showEmployee.vtl with loader org.apache.velocity.runtime.resource.loader.ClasspathResourceLoader
2017-05-01 02:13:23,986 - ResourceManager : found showEmployee.vtl with loader org.apache.velocity.runtime.resource.loader.ClasspathResourceLoader
2017-05-01 02:13:23,986 - ResourceManager : found showEmployee.vtl with loader org.apache.velocity.runtime.resource.loader.ClasspathResourceLoader
2017-05-01 02:13:23,986 - ResourceManager : found showEmployee.vtl with loader org.apache.velocity.runtime.resource.loader.ClasspathResourceLoader
2017-05-01 02:13:42,891 - ResourceManager : found showEmployee.vtl with loader org.apache.velocity.runtime.resource.loader.ClasspathResourceLoader
2017-05-01 02:13:42,891 - ResourceManager : found showEmployee.vtl with loader org.apache.velocity.runtime.resource.loader.ClasspathResourceLoader
2017-05-01 02:13:42,891 - ResourceManager : found showEmployee.vtl with loader org.apache.velocity.runtime.resource.loader.ClasspathResourceLoader
2017-05-01 02:13:47,821 - ResourceManager : found showEmployee.vtl with loader org.apache.velocity.runtime.resource.loader.ClasspathResourceLoader
2017-05-01 02:13:47,821 - ResourceManager : found showEmployee.vtl with loader org.apache.velocity.runtime.resource.loader.ClasspathResourceLoader
2017-05-01 02:13:47,821 - ResourceManager : found showEmployee.vtl with loader org.apache.velocity.runtime.resource.loader.ClasspathResourceLoader
2017-05-01 02:15:40,120 - ResourceManager : found showEmployee.vtl with loader org.apache.velocity.runtime.resource.loader.ClasspathResourceLoader
2017-05-01 02:15:40,120 - ResourceManager : found showEmployee.vtl with loader org.apache.velocity.runtime.resource.loader.ClasspathResourceLoader
2017-05-01 02:15:40,120 - ResourceManager : found showEmployee.vtl with loader org.apache.velocity.runtime.resource.loader.ClasspathResourceLoader
2017-05-01 02:15:52,704 - ResourceManager : found showEmployee.vtl with loader org.apache.velocity.runtime.resource.loader.ClasspathResourceLoader
2017-05-01 02:15:52,704 - ResourceManager : found showEmployee.vtl with loader org.apache.velocity.runtime.resource.loader.ClasspathResourceLoader
2017-05-01 02:15:52,704 - ResourceManager : found showEmployee.vtl with loader org.apache.velocity.runtime.resource.loader.ClasspathResourceLoader
2017-05-01 02:16:08,583 - ResourceManager : found showEmployee.vtl with loader org.apache.velocity.runtime.resource.loader.ClasspathResourceLoader
2017-05-01 02:16:08,583 - ResourceManager : found showEmployee.vtl with loader org.apache.velocity.runtime.resource.loader.ClasspathResourceLoader
2017-05-01 02:16:08,583 - ResourceManager : found showEmployee.vtl with loader org.apache.velocity.runtime.resource.loader.ClasspathResourceLoader
2017-05-01 02:16:30,942 - ResourceManager : found showEmployee.vtl with loader org.apache.velocity.runtime.resource.loader.ClasspathResourceLoader
2017-05-01 02:16:30,942 - ResourceManager : found showEmployee.vtl with loader org.apache.velocity.runtime.resource.loader.ClasspathResourceLoader
2017-05-01 02:16:30,942 - ResourceManager : found showEmployee.vtl with loader org.apache.velocity.runtime.resource.loader.ClasspathResourceLoader
2017-05-01 02:16:36,633 - ResourceManager : found showEmployee.vtl with loader org.apache.velocity.runtime.resource.loader.ClasspathResourceLoader
2017-05-01 02:16:36,633 - ResourceManager : found showEmployee.vtl with loader org.apache.velocity.runtime.resource.loader.ClasspathResourceLoader
2017-05-01 02:16:36,633 - ResourceManager : found showEmployee.vtl with loader org.apache.velocity.runtime.resource.loader.ClasspathResourceLoader
2017-05-01 02:16:50,834 - ResourceManager : found allEmployees.vtl with loader org.apache.velocity.runtime.resource.loader.ClasspathResourceLoader
2017-05-01 02:16:50,834 - ResourceManager : found allEmployees.vtl with loader org.apache.velocity.runtime.resource.loader.ClasspathResourceLoader
2017-05-01 02:16:50,834 - ResourceManager : found allEmployees.vtl with loader org.apache.velocity.runtime.resource.loader.ClasspathResourceLoader
2017-05-01 02:16:52,977 - ResourceManager : found showEmployee.vtl with loader org.apache.velocity.runtime.resource.loader.ClasspathResourceLoader
2017-05-01 02:16:52,977 - ResourceManager : found showEmployee.vtl with loader org.apache.velocity.runtime.resource.loader.ClasspathResourceLoader
2017-05-01 02:16:52,977 - ResourceManager : found showEmployee.vtl with loader org.apache.velocity.runtime.resource.loader.ClasspathResourceLoader
2017-05-01 02:16:58,280 - ResourceManager : found allEmployees.vtl with loader org.apache.velocity.runtime.resource.loader.ClasspathResourceLoader
2017-05-01 02:16:58,280 - ResourceManager : found allEmployees.vtl with loader org.apache.velocity.runtime.resource.loader.ClasspathResourceLoader
2017-05-01 02:16:58,280 - ResourceManager : found allEmployees.vtl with loader org.apache.velocity.runtime.resource.loader.ClasspathResourceLoader
2017-05-01 02:17:22,196 - ResourceManager : found allEmployees.vtl with loader org.apache.velocity.runtime.resource.loader.ClasspathResourceLoader
2017-05-01 02:17:22,196 - ResourceManager : found allEmployees.vtl with loader org.apache.velocity.runtime.resource.loader.ClasspathResourceLoader
2017-05-01 02:17:22,196 - ResourceManager : found allEmployees.vtl with loader org.apache.velocity.runtime.resource.loader.ClasspathResourceLoader
2017-05-01 02:17:24,362 - ResourceManager : found showEmployee.vtl with loader org.apache.velocity.runtime.resource.loader.ClasspathResourceLoader
2017-05-01 02:17:24,362 - ResourceManager : found showEmployee.vtl with loader org.apache.velocity.runtime.resource.loader.ClasspathResourceLoader
2017-05-01 02:17:24,362 - ResourceManager : found showEmployee.vtl with loader org.apache.velocity.runtime.resource.loader.ClasspathResourceLoader
2017-05-01 02:18:06,628 - ResourceManager : found showEmployee.vtl with loader org.apache.velocity.runtime.resource.loader.ClasspathResourceLoader
2017-05-01 02:18:06,628 - ResourceManager : found showEmployee.vtl with loader org.apache.velocity.runtime.resource.loader.ClasspathResourceLoader
2017-05-01 02:18:06,628 - ResourceManager : found showEmployee.vtl with loader org.apache.velocity.runtime.resource.loader.ClasspathResourceLoader
2017-05-01 02:18:35,450 - ResourceManager : found showEmployee.vtl with loader org.apache.velocity.runtime.resource.loader.ClasspathResourceLoader
2017-05-01 02:18:35,450 - ResourceManager : found showEmployee.vtl with loader org.apache.velocity.runtime.resource.loader.ClasspathResourceLoader
2017-05-01 02:18:35,450 - ResourceManager : found showEmployee.vtl with loader org.apache.velocity.runtime.resource.loader.ClasspathResourceLoader
2017-05-01 02:18:40,419 - ResourceManager : found allEmployees.vtl with loader org.apache.velocity.runtime.resource.loader.ClasspathResourceLoader
2017-05-01 02:18:40,419 - ResourceManager : found allEmployees.vtl with loader org.apache.velocity.runtime.resource.loader.ClasspathResourceLoader
2017-05-01 02:18:40,419 - ResourceManager : found allEmployees.vtl with loader org.apache.velocity.runtime.resource.loader.ClasspathResourceLoader
2017-05-01 02:18:41,930 - ResourceManager : found newEmployee.vtl with loader org.apache.velocity.runtime.resource.loader.ClasspathResourceLoader
2017-05-01 02:18:41,930 - ResourceManager : found newEmployee.vtl with loader org.apache.velocity.runtime.resource.loader.ClasspathResourceLoader
2017-05-01 02:18:41,930 - ResourceManager : found newEmployee.vtl with loader org.apache.velocity.runtime.resource.loader.ClasspathResourceLoader
2017-05-01 02:19:20,552 - ResourceManager : found newEmployee.vtl with loader org.apache.velocity.runtime.resource.loader.ClasspathResourceLoader
2017-05-01 02:19:20,552 - ResourceManager : found newEmployee.vtl with loader org.apache.velocity.runtime.resource.loader.ClasspathResourceLoader
2017-05-01 02:19:20,552 - ResourceManager : found newEmployee.vtl with loader org.apache.velocity.runtime.resource.loader.ClasspathResourceLoader
2017-05-01 02:19:40,025 - ResourceManager : found newEmployee.vtl with loader org.apache.velocity.runtime.resource.loader.ClasspathResourceLoader
2017-05-01 02:19:40,025 - ResourceManager : found newEmployee.vtl with loader org.apache.velocity.runtime.resource.loader.ClasspathResourceLoader
2017-05-01 02:19:40,025 - ResourceManager : found newEmployee.vtl with loader org.apache.velocity.runtime.resource.loader.ClasspathResourceLoader
2017-05-01 02:20:00,240 - ResourceManager : found newEmployee.vtl with loader org.apache.velocity.runtime.resource.loader.ClasspathResourceLoader
2017-05-01 02:20:00,240 - ResourceManager : found newEmployee.vtl with loader org.apache.velocity.runtime.resource.loader.ClasspathResourceLoader
2017-05-01 02:20:00,240 - ResourceManager : found newEmployee.vtl with loader org.apache.velocity.runtime.resource.loader.ClasspathResourceLoader
2017-05-01 02:20:13,130 - ResourceManager : found newEmployee.vtl with loader org.apache.velocity.runtime.resource.loader.ClasspathResourceLoader
2017-05-01 02:20:13,130 - ResourceManager : found newEmployee.vtl with loader org.apache.velocity.runtime.resource.loader.ClasspathResourceLoader
2017-05-01 02:20:13,130 - ResourceManager : found newEmployee.vtl with loader org.apache.velocity.runtime.resource.loader.ClasspathResourceLoader
2017-05-01 02:20:32,231 - ResourceManager : found newEmployee.vtl with loader org.apache.velocity.runtime.resource.loader.ClasspathResourceLoader
2017-05-01 02:20:32,231 - ResourceManager : found newEmployee.vtl with loader org.apache.velocity.runtime.resource.loader.ClasspathResourceLoader
2017-05-01 02:20:32,231 - ResourceManager : found newEmployee.vtl with loader org.apache.velocity.runtime.resource.loader.ClasspathResourceLoader
2017-05-01 02:20:38,635 - ResourceManager : found allEmployees.vtl with loader org.apache.velocity.runtime.resource.loader.ClasspathResourceLoader
2017-05-01 02:20:38,635 - ResourceManager : found allEmployees.vtl with loader org.apache.velocity.runtime.resource.loader.ClasspathResourceLoader
2017-05-01 02:20:38,635 - ResourceManager : found allEmployees.vtl with loader org.apache.velocity.runtime.resource.loader.ClasspathResourceLoader
2017-05-01 02:20:40,475 - ResourceManager : found newEmployee.vtl with loader org.apache.velocity.runtime.resource.loader.ClasspathResourceLoader
2017-05-01 02:20:40,475 - ResourceManager : found newEmployee.vtl with loader org.apache.velocity.runtime.resource.loader.ClasspathResourceLoader
2017-05-01 02:20:40,475 - ResourceManager : found newEmployee.vtl with loader org.apache.velocity.runtime.resource.loader.ClasspathResourceLoader
2017-05-01 02:20:42,237 - ResourceManager : found allEmployees.vtl with loader org.apache.velocity.runtime.resource.loader.ClasspathResourceLoader
2017-05-01 02:20:42,237 - ResourceManager : found allEmployees.vtl with loader org.apache.velocity.runtime.resource.loader.ClasspathResourceLoader
2017-05-01 02:20:42,237 - ResourceManager : found allEmployees.vtl with loader org.apache.velocity.runtime.resource.loader.ClasspathResourceLoader
2017-05-01 02:20:45,647 - ResourceManager : found showEmployee.vtl with loader org.apache.velocity.runtime.resource.loader.ClasspathResourceLoader
2017-05-01 02:20:45,647 - ResourceManager : found showEmployee.vtl with loader org.apache.velocity.runtime.resource.loader.ClasspathResourceLoader
2017-05-01 02:20:45,647 - ResourceManager : found showEmployee.vtl with loader org.apache.velocity.runtime.resource.loader.ClasspathResourceLoader
2017-05-01 02:20:48,325 - ResourceManager : found allEmployees.vtl with loader org.apache.velocity.runtime.resource.loader.ClasspathResourceLoader
2017-05-01 02:20:48,325 - ResourceManager : found allEmployees.vtl with loader org.apache.velocity.runtime.resource.loader.ClasspathResourceLoader
2017-05-01 02:20:48,325 - ResourceManager : found allEmployees.vtl with loader org.apache.velocity.runtime.resource.loader.ClasspathResourceLoader
2017-05-01 02:20:49,842 - ResourceManager : found newEmployee.vtl with loader org.apache.velocity.runtime.resource.loader.ClasspathResourceLoader
2017-05-01 02:20:49,842 - ResourceManager : found newEmployee.vtl with loader org.apache.velocity.runtime.resource.loader.ClasspathResourceLoader
2017-05-01 02:20:49,842 - ResourceManager : found newEmployee.vtl with loader org.apache.velocity.runtime.resource.loader.ClasspathResourceLoader
2017-05-01 02:21:13,258 - ResourceManager : found newEmployee.vtl with loader org.apache.velocity.runtime.resource.loader.ClasspathResourceLoader
2017-05-01 02:21:13,258 - ResourceManager : found newEmployee.vtl with loader org.apache.velocity.runtime.resource.loader.ClasspathResourceLoader
2017-05-01 02:21:13,258 - ResourceManager : found newEmployee.vtl with loader org.apache.velocity.runtime.resource.loader.ClasspathResourceLoader
2017-05-01 02:21:30,469 - ResourceManager : found newEmployee.vtl with loader org.apache.velocity.runtime.resource.loader.ClasspathResourceLoader
2017-05-01 02:21:30,469 - ResourceManager : found newEmployee.vtl with loader org.apache.velocity.runtime.resource.loader.ClasspathResourceLoader
2017-05-01 02:21:30,469 - ResourceManager : found newEmployee.vtl with loader org.apache.velocity.runtime.resource.loader.ClasspathResourceLoader
2017-05-01 02:22:06,077 - ResourceManager : found newEmployee.vtl with loader org.apache.velocity.runtime.resource.loader.ClasspathResourceLoader
2017-05-01 02:22:06,077 - ResourceManager : found newEmployee.vtl with loader org.apache.velocity.runtime.resource.loader.ClasspathResourceLoader
2017-05-01 02:22:06,077 - ResourceManager : found newEmployee.vtl with loader org.apache.velocity.runtime.resource.loader.ClasspathResourceLoader
2017-05-01 02:22:33,765 - ResourceManager : found newEmployee.vtl with loader org.apache.velocity.runtime.resource.loader.ClasspathResourceLoader
2017-05-01 02:22:33,765 - ResourceManager : found newEmployee.vtl with loader org.apache.velocity.runtime.resource.loader.ClasspathResourceLoader
2017-05-01 02:22:33,765 - ResourceManager : found newEmployee.vtl with loader org.apache.velocity.runtime.resource.loader.ClasspathResourceLoader
2017-05-01 02:22:56,643 - ResourceManager : found newEmployee.vtl with loader org.apache.velocity.runtime.resource.loader.ClasspathResourceLoader
2017-05-01 02:22:56,643 - ResourceManager : found newEmployee.vtl with loader org.apache.velocity.runtime.resource.loader.ClasspathResourceLoader
2017-05-01 02:22:56,643 - ResourceManager : found newEmployee.vtl with loader org.apache.velocity.runtime.resource.loader.ClasspathResourceLoader
2017-05-01 02:23:29,668 - ResourceManager : found newEmployee.vtl with loader org.apache.velocity.runtime.resource.loader.ClasspathResourceLoader
2017-05-01 02:23:29,668 - ResourceManager : found newEmployee.vtl with loader org.apache.velocity.runtime.resource.loader.ClasspathResourceLoader
2017-05-01 02:23:29,668 - ResourceManager : found newEmployee.vtl with loader org.apache.velocity.runtime.resource.loader.ClasspathResourceLoader
2017-05-01 02:23:32,256 - ResourceManager : found allEmployees.vtl with loader org.apache.velocity.runtime.resource.loader.ClasspathResourceLoader
2017-05-01 02:23:32,256 - ResourceManager : found allEmployees.vtl with loader org.apache.velocity.runtime.resource.loader.ClasspathResourceLoader
2017-05-01 02:23:32,256 - ResourceManager : found allEmployees.vtl with loader org.apache.velocity.runtime.resource.loader.ClasspathResourceLoader
2017-05-01 02:23:33,432 - ResourceManager : found newEmployee.vtl with loader org.apache.velocity.runtime.resource.loader.ClasspathResourceLoader
2017-05-01 02:23:33,432 - ResourceManager : found newEmployee.vtl with loader org.apache.velocity.runtime.resource.loader.ClasspathResourceLoader
2017-05-01 02:23:33,432 - ResourceManager : found newEmployee.vtl with loader org.apache.velocity.runtime.resource.loader.ClasspathResourceLoader
2017-05-01 02:23:38,531 - ResourceManager : found allEmployees.vtl with loader org.apache.velocity.runtime.resource.loader.ClasspathResourceLoader
2017-05-01 02:23:38,531 - ResourceManager : found allEmployees.vtl with loader org.apache.velocity.runtime.resource.loader.ClasspathResourceLoader
2017-05-01 02:23:38,531 - ResourceManager : found allEmployees.vtl with loader org.apache.velocity.runtime.resource.loader.ClasspathResourceLoader
2017-05-01 02:23:40,256 - ResourceManager : found showEmployee.vtl with loader org.apache.velocity.runtime.resource.loader.ClasspathResourceLoader
2017-05-01 02:23:40,256 - ResourceManager : found showEmployee.vtl with loader org.apache.velocity.runtime.resource.loader.ClasspathResourceLoader
2017-05-01 02:23:40,256 - ResourceManager : found showEmployee.vtl with loader org.apache.velocity.runtime.resource.loader.ClasspathResourceLoader
2017-05-01 02:23:42,352 - ResourceManager : found allEmployees.vtl with loader org.apache.velocity.runtime.resource.loader.ClasspathResourceLoader
2017-05-01 02:23:42,352 - ResourceManager : found allEmployees.vtl with loader org.apache.velocity.runtime.resource.loader.ClasspathResourceLoader
2017-05-01 02:23:42,352 - ResourceManager : found allEmployees.vtl with loader org.apache.velocity.runtime.resource.loader.ClasspathResourceLoader
2017-05-01 02:23:54,759 - ResourceManager : found newEmployee.vtl with loader org.apache.velocity.runtime.resource.loader.ClasspathResourceLoader
2017-05-01 02:23:54,759 - ResourceManager : found newEmployee.vtl with loader org.apache.velocity.runtime.resource.loader.ClasspathResourceLoader
2017-05-01 02:23:54,759 - ResourceManager : found newEmployee.vtl with loader org.apache.velocity.runtime.resource.loader.ClasspathResourceLoader
2017-05-01 02:23:57,272 - ResourceManager : found newEmployee.vtl with loader org.apache.velocity.runtime.resource.loader.ClasspathResourceLoader
2017-05-01 02:23:57,272 - ResourceManager : found newEmployee.vtl with loader org.apache.velocity.runtime.resource.loader.ClasspathResourceLoader
2017-05-01 02:23:57,272 - ResourceManager : found newEmployee.vtl with loader org.apache.velocity.runtime.resource.loader.ClasspathResourceLoader
2017-05-01 02:24:02,770 - ResourceManager : found allEmployees.vtl with loader org.apache.velocity.runtime.resource.loader.ClasspathResourceLoader
2017-05-01 02:24:02,770 - ResourceManager : found allEmployees.vtl with loader org.apache.velocity.runtime.resource.loader.ClasspathResourceLoader
2017-05-01 02:24:02,770 - ResourceManager : found allEmployees.vtl with loader org.apache.velocity.runtime.resource.loader.ClasspathResourceLoader
2017-05-01 02:24:04,706 - ResourceManager : found newEmployee.vtl with loader org.apache.velocity.runtime.resource.loader.ClasspathResourceLoader
2017-05-01 02:24:04,706 - ResourceManager : found newEmployee.vtl with loader org.apache.velocity.runtime.resource.loader.ClasspathResourceLoader
2017-05-01 02:24:04,706 - ResourceManager : found newEmployee.vtl with loader org.apache.velocity.runtime.resource.loader.ClasspathResourceLoader
2017-05-01 02:24:05,813 - ResourceManager : found allEmployees.vtl with loader org.apache.velocity.runtime.resource.loader.ClasspathResourceLoader
2017-05-01 02:24:05,813 - ResourceManager : found allEmployees.vtl with loader org.apache.velocity.runtime.resource.loader.ClasspathResourceLoader
2017-05-01 02:24:05,813 - ResourceManager : found allEmployees.vtl with loader org.apache.velocity.runtime.resource.loader.ClasspathResourceLoader
2017-05-01 02:24:06,641 - ResourceManager : found showEmployee.vtl with loader org.apache.velocity.runtime.resource.loader.ClasspathResourceLoader
2017-05-01 02:24:06,641 - ResourceManager : found showEmployee.vtl with loader org.apache.velocity.runtime.resource.loader.ClasspathResourceLoader
2017-05-01 02:24:06,641 - ResourceManager : found showEmployee.vtl with loader org.apache.velocity.runtime.resource.loader.ClasspathResourceLoader
2017-05-01 02:24:34,182 - ResourceManager : found showEmployee.vtl with loader org.apache.velocity.runtime.resource.loader.ClasspathResourceLoader
2017-05-01 02:24:34,182 - ResourceManager : found showEmployee.vtl with loader org.apache.velocity.runtime.resource.loader.ClasspathResourceLoader
2017-05-01 02:24:34,182 - ResourceManager : found showEmployee.vtl with loader org.apache.velocity.runtime.resource.loader.ClasspathResourceLoader
2017-05-01 02:24:43,933 - ResourceManager : found showEmployee.vtl with loader org.apache.velocity.runtime.resource.loader.ClasspathResourceLoader
2017-05-01 02:24:43,933 - ResourceManager : found showEmployee.vtl with loader org.apache.velocity.runtime.resource.loader.ClasspathResourceLoader
2017-05-01 02:24:43,933 - ResourceManager : found showEmployee.vtl with loader org.apache.velocity.runtime.resource.loader.ClasspathResourceLoader
2017-05-01 02:25:02,364 - ResourceManager : found showEmployee.vtl with loader org.apache.velocity.runtime.resource.loader.ClasspathResourceLoader
2017-05-01 02:25:02,364 - ResourceManager : found showEmployee.vtl with loader org.apache.velocity.runtime.resource.loader.ClasspathResourceLoader
2017-05-01 02:25:02,364 - ResourceManager : found showEmployee.vtl with loader org.apache.velocity.runtime.resource.loader.ClasspathResourceLoader
2017-05-01 02:25:03,841 - ResourceManager : found allEmployees.vtl with loader org.apache.velocity.runtime.resource.loader.ClasspathResourceLoader
2017-05-01 02:25:03,841 - ResourceManager : found allEmployees.vtl with loader org.apache.velocity.runtime.resource.loader.ClasspathResourceLoader
2017-05-01 02:25:03,841 - ResourceManager : found allEmployees.vtl with loader org.apache.velocity.runtime.resource.loader.ClasspathResourceLoader
2017-05-01 02:25:05,499 - ResourceManager : found newEmployee.vtl with loader org.apache.velocity.runtime.resource.loader.ClasspathResourceLoader
2017-05-01 02:25:05,499 - ResourceManager : found newEmployee.vtl with loader org.apache.velocity.runtime.resource.loader.ClasspathResourceLoader
2017-05-01 02:25:05,499 - ResourceManager : found newEmployee.vtl with loader org.apache.velocity.runtime.resource.loader.ClasspathResourceLoader
2017-05-01 02:25:09,946 - ResourceManager : found allEmployees.vtl with loader org.apache.velocity.runtime.resource.loader.ClasspathResourceLoader
2017-05-01 02:25:09,946 - ResourceManager : found allEmployees.vtl with loader org.apache.velocity.runtime.resource.loader.ClasspathResourceLoader
2017-05-01 02:25:09,946 - ResourceManager : found allEmployees.vtl with loader org.apache.velocity.runtime.resource.loader.ClasspathResourceLoader
